<?xml version="1.0" encoding="UTF-8"?>
<testng-results ignored="0" total="1" passed="1" failed="0" skipped="0">
  <reporter-output>
  </reporter-output>
  <suite started-at="2022-08-04T12:42:40 IST" name="Default suite" finished-at="2022-08-04T12:42:41 IST" duration-ms="1880">
    <groups>
    </groups>
    <test started-at="2022-08-04T12:42:40 IST" name="Default test" finished-at="2022-08-04T12:42:41 IST" duration-ms="1880">
      <class name="RestAssured.restapitest">
        <test-method signature="apitest()[pri:0, instance:RestAssured.restapitest@479d31f3]" started-at="2022-08-04T12:42:40 IST" name="apitest" finished-at="2022-08-04T12:42:41 IST" duration-ms="1851" status="PASS">
          <reporter-output>
          </reporter-output>
        </test-method> <!-- apitest -->
      </class> <!-- RestAssured.restapitest -->
    </test> <!-- Default test -->
  </suite> <!-- Default suite -->
</testng-results>
